[0.138s] DEBUG:colcon:Command line arguments: ['/usr/bin/colcon', 'build', '--symlink-install']
[0.138s] DEBUG:colcon:Parsed command line arguments: Namespace(log_base=None, log_level=None, verb_name='build', build_base='build', install_base='install', merge_install=False, symlink_install=True, test_result_base=None, continue_on_error=False, executor='parallel', parallel_workers=8, event_handlers=None, ignore_user_meta=False, metas=['./colcon.meta'], base_paths=['.'], packages_ignore=None, packages_ignore_regex=None, paths=None, packages_up_to=None, packages_up_to_regex=None, packages_above=None, packages_above_and_dependencies=None, packages_above_depth=None, packages_select_by_dep=None, packages_skip_by_dep=None, packages_skip_up_to=None, packages_select_build_failed=False, packages_skip_build_finished=False, packages_select_test_failures=False, packages_skip_test_passed=False, packages_select=None, packages_skip=None, packages_select_regex=None, packages_skip_regex=None, packages_start=None, packages_end=None, allow_overriding=[], cmake_args=None, cmake_target=None, cmake_target_skip_unavailable=False, cmake_clean_cache=False, cmake_clean_first=False, cmake_force_configure=False, ament_cmake_args=None, catkin_cmake_args=None, catkin_skip_building_tests=False, mixin_files=None, mixin=None, verb_parser=<colcon_mixin.mixin.mixin_argument.MixinArgumentDecorator object at 0x7e9038d84620>, verb_extension=<colcon_core.verb.build.BuildVerb object at 0x7e9038d67ef0>, main=<bound method BuildVerb.main of <colcon_core.verb.build.BuildVerb object at 0x7e9038d67ef0>>, mixin_verb=('build',))
[0.186s] Level 1:colcon.colcon_core.package_discovery:discover_packages(colcon_meta) check parameters
[0.186s] Level 1:colcon.colcon_core.package_discovery:discover_packages(recursive) check parameters
[0.186s] Level 1:colcon.colcon_core.package_discovery:discover_packages(ignore) check parameters
[0.186s] Level 1:colcon.colcon_core.package_discovery:discover_packages(path) check parameters
[0.186s] Level 1:colcon.colcon_core.package_discovery:discover_packages(colcon_meta) discover
[0.186s] Level 1:colcon.colcon_core.package_discovery:discover_packages(recursive) discover
[0.186s] INFO:colcon.colcon_core.package_discovery:Crawling recursively for packages in '/home/hacene/arm_workspace'
[0.187s] Level 1:colcon.colcon_core.package_identification:_identify(.) by extensions ['ignore', 'ignore_ament_install']
[0.187s] Level 1:colcon.colcon_core.package_identification:_identify(.) by extension 'ignore'
[0.187s] Level 1:colcon.colcon_core.package_identification:_identify(.) by extension 'ignore_ament_install'
[0.187s] Level 1:colcon.colcon_core.package_identification:_identify(.) by extensions ['colcon_pkg']
[0.187s] Level 1:colcon.colcon_core.package_identification:_identify(.) by extension 'colcon_pkg'
[0.187s] Level 1:colcon.colcon_core.package_identification:_identify(.) by extensions ['colcon_meta']
[0.187s] Level 1:colcon.colcon_core.package_identification:_identify(.) by extension 'colcon_meta'
[0.187s] Level 1:colcon.colcon_core.package_identification:_identify(.) by extensions ['ros']
[0.187s] Level 1:colcon.colcon_core.package_identification:_identify(.) by extension 'ros'
[0.219s] Level 1:colcon.colcon_core.package_identification:_identify(.) by extensions ['cmake', 'python']
[0.220s] Level 1:colcon.colcon_core.package_identification:_identify(.) by extension 'cmake'
[0.220s] Level 1:colcon.colcon_core.package_identification:_identify(.) by extension 'python'
[0.220s] Level 1:colcon.colcon_core.package_identification:_identify(.) by extensions ['python_setup_py']
[0.220s] Level 1:colcon.colcon_core.package_identification:_identify(.) by extension 'python_setup_py'
[0.220s] Level 1:colcon.colcon_core.package_identification:_identify(build) by extensions ['ignore', 'ignore_ament_install']
[0.220s] Level 1:colcon.colcon_core.package_identification:_identify(build) by extension 'ignore'
[0.220s] Level 1:colcon.colcon_core.package_identification:_identify(build) ignored
[0.220s] Level 1:colcon.colcon_core.package_identification:_identify(install) by extensions ['ignore', 'ignore_ament_install']
[0.220s] Level 1:colcon.colcon_core.package_identification:_identify(install) by extension 'ignore'
[0.220s] Level 1:colcon.colcon_core.package_identification:_identify(install) ignored
[0.220s] Level 1:colcon.colcon_core.package_identification:_identify(log) by extensions ['ignore', 'ignore_ament_install']
[0.221s] Level 1:colcon.colcon_core.package_identification:_identify(log) by extension 'ignore'
[0.221s] Level 1:colcon.colcon_core.package_identification:_identify(log) ignored
[0.221s] Level 1:colcon.colcon_core.package_identification:_identify(src) by extensions ['ignore', 'ignore_ament_install']
[0.221s] Level 1:colcon.colcon_core.package_identification:_identify(src) by extension 'ignore'
[0.221s] Level 1:colcon.colcon_core.package_identification:_identify(src) by extension 'ignore_ament_install'
[0.221s] Level 1:colcon.colcon_core.package_identification:_identify(src) by extensions ['colcon_pkg']
[0.221s] Level 1:colcon.colcon_core.package_identification:_identify(src) by extension 'colcon_pkg'
[0.221s] Level 1:colcon.colcon_core.package_identification:_identify(src) by extensions ['colcon_meta']
[0.221s] Level 1:colcon.colcon_core.package_identification:_identify(src) by extension 'colcon_meta'
[0.221s] Level 1:colcon.colcon_core.package_identification:_identify(src) by extensions ['ros']
[0.221s] Level 1:colcon.colcon_core.package_identification:_identify(src) by extension 'ros'
[0.221s] Level 1:colcon.colcon_core.package_identification:_identify(src) by extensions ['cmake', 'python']
[0.221s] Level 1:colcon.colcon_core.package_identification:_identify(src) by extension 'cmake'
[0.221s] Level 1:colcon.colcon_core.package_identification:_identify(src) by extension 'python'
[0.221s] Level 1:colcon.colcon_core.package_identification:_identify(src) by extensions ['python_setup_py']
[0.221s] Level 1:colcon.colcon_core.package_identification:_identify(src) by extension 'python_setup_py'
[0.222s] Level 1:colcon.colcon_core.package_identification:_identify(src/arm_controller) by extensions ['ignore', 'ignore_ament_install']
[0.222s] Level 1:colcon.colcon_core.package_identification:_identify(src/arm_controller) by extension 'ignore'
[0.222s] Level 1:colcon.colcon_core.package_identification:_identify(src/arm_controller) by extension 'ignore_ament_install'
[0.222s] Level 1:colcon.colcon_core.package_identification:_identify(src/arm_controller) by extensions ['colcon_pkg']
[0.222s] Level 1:colcon.colcon_core.package_identification:_identify(src/arm_controller) by extension 'colcon_pkg'
[0.222s] Level 1:colcon.colcon_core.package_identification:_identify(src/arm_controller) by extensions ['colcon_meta']
[0.222s] Level 1:colcon.colcon_core.package_identification:_identify(src/arm_controller) by extension 'colcon_meta'
[0.222s] Level 1:colcon.colcon_core.package_identification:_identify(src/arm_controller) by extensions ['ros']
[0.222s] Level 1:colcon.colcon_core.package_identification:_identify(src/arm_controller) by extension 'ros'
[0.225s] DEBUG:colcon.colcon_core.package_identification:Package 'src/arm_controller' with type 'ros.ament_python' and name 'arm_controller'
[0.225s] Level 1:colcon.colcon_core.package_identification:_identify(src/arm_description) by extensions ['ignore', 'ignore_ament_install']
[0.225s] Level 1:colcon.colcon_core.package_identification:_identify(src/arm_description) by extension 'ignore'
[0.225s] Level 1:colcon.colcon_core.package_identification:_identify(src/arm_description) by extension 'ignore_ament_install'
[0.225s] Level 1:colcon.colcon_core.package_identification:_identify(src/arm_description) by extensions ['colcon_pkg']
[0.225s] Level 1:colcon.colcon_core.package_identification:_identify(src/arm_description) by extension 'colcon_pkg'
[0.225s] Level 1:colcon.colcon_core.package_identification:_identify(src/arm_description) by extensions ['colcon_meta']
[0.225s] Level 1:colcon.colcon_core.package_identification:_identify(src/arm_description) by extension 'colcon_meta'
[0.225s] Level 1:colcon.colcon_core.package_identification:_identify(src/arm_description) by extensions ['ros']
[0.225s] Level 1:colcon.colcon_core.package_identification:_identify(src/arm_description) by extension 'ros'
[0.226s] DEBUG:colcon.colcon_core.package_identification:Package 'src/arm_description' with type 'ros.ament_cmake' and name 'arm_description'
[0.226s] Level 1:colcon.colcon_core.package_identification:_identify(src/arm_moveit_config) by extensions ['ignore', 'ignore_ament_install']
[0.226s] Level 1:colcon.colcon_core.package_identification:_identify(src/arm_moveit_config) by extension 'ignore'
[0.226s] Level 1:colcon.colcon_core.package_identification:_identify(src/arm_moveit_config) by extension 'ignore_ament_install'
[0.226s] Level 1:colcon.colcon_core.package_identification:_identify(src/arm_moveit_config) by extensions ['colcon_pkg']
[0.226s] Level 1:colcon.colcon_core.package_identification:_identify(src/arm_moveit_config) by extension 'colcon_pkg'
[0.226s] Level 1:colcon.colcon_core.package_identification:_identify(src/arm_moveit_config) by extensions ['colcon_meta']
[0.226s] Level 1:colcon.colcon_core.package_identification:_identify(src/arm_moveit_config) by extension 'colcon_meta'
[0.226s] Level 1:colcon.colcon_core.package_identification:_identify(src/arm_moveit_config) by extensions ['ros']
[0.226s] Level 1:colcon.colcon_core.package_identification:_identify(src/arm_moveit_config) by extension 'ros'
[0.227s] DEBUG:colcon.colcon_core.package_identification:Package 'src/arm_moveit_config' with type 'ros.ament_cmake' and name 'arm_moveit_config'
[0.227s] Level 1:colcon.colcon_core.package_discovery:discover_packages(recursive) using defaults
[0.227s] Level 1:colcon.colcon_core.package_discovery:discover_packages(ignore) discover
[0.227s] Level 1:colcon.colcon_core.package_discovery:discover_packages(ignore) using defaults
[0.227s] Level 1:colcon.colcon_core.package_discovery:discover_packages(path) discover
[0.227s] Level 1:colcon.colcon_core.package_discovery:discover_packages(path) using defaults
[0.250s] Level 1:colcon.colcon_core.package_discovery:discover_packages(prefix_path) check parameters
[0.250s] Level 1:colcon.colcon_core.package_discovery:discover_packages(prefix_path) discover
[0.254s] DEBUG:colcon.colcon_installed_package_information.package_discovery:Found 359 installed packages in /opt/ros/jazzy
[0.256s] Level 1:colcon.colcon_core.package_discovery:discover_packages(prefix_path) using defaults
[0.321s] Level 5:colcon.colcon_core.verb:set package 'arm_controller' build argument 'cmake_args' from command line to 'None'
[0.321s] Level 5:colcon.colcon_core.verb:set package 'arm_controller' build argument 'cmake_target' from command line to 'None'
[0.321s] Level 5:colcon.colcon_core.verb:set package 'arm_controller' build argument 'cmake_target_skip_unavailable' from command line to 'False'
[0.321s] Level 5:colcon.colcon_core.verb:set package 'arm_controller' build argument 'cmake_clean_cache' from command line to 'False'
[0.321s] Level 5:colcon.colcon_core.verb:set package 'arm_controller' build argument 'cmake_clean_first' from command line to 'False'
[0.321s] Level 5:colcon.colcon_core.verb:set package 'arm_controller' build argument 'cmake_force_configure' from command line to 'False'
[0.321s] Level 5:colcon.colcon_core.verb:set package 'arm_controller' build argument 'ament_cmake_args' from command line to 'None'
[0.321s] Level 5:colcon.colcon_core.verb:set package 'arm_controller' build argument 'catkin_cmake_args' from command line to 'None'
[0.321s] Level 5:colcon.colcon_core.verb:set package 'arm_controller' build argument 'catkin_skip_building_tests' from command line to 'False'
[0.322s] DEBUG:colcon.colcon_core.verb:Building package 'arm_controller' with the following arguments: {'ament_cmake_args': None, 'build_base': '/home/hacene/arm_workspace/build/arm_controller', 'catkin_cmake_args': None, 'catkin_skip_building_tests': False, 'cmake_args': None, 'cmake_clean_cache': False, 'cmake_clean_first': False, 'cmake_force_configure': False, 'cmake_target': None, 'cmake_target_skip_unavailable': False, 'install_base': '/home/hacene/arm_workspace/install/arm_controller', 'merge_install': False, 'path': '/home/hacene/arm_workspace/src/arm_controller', 'symlink_install': True, 'test_result_base': None}
[0.322s] Level 5:colcon.colcon_core.verb:set package 'arm_description' build argument 'cmake_args' from command line to 'None'
[0.322s] Level 5:colcon.colcon_core.verb:set package 'arm_description' build argument 'cmake_target' from command line to 'None'
[0.322s] Level 5:colcon.colcon_core.verb:set package 'arm_description' build argument 'cmake_target_skip_unavailable' from command line to 'False'
[0.322s] Level 5:colcon.colcon_core.verb:set package 'arm_description' build argument 'cmake_clean_cache' from command line to 'False'
[0.322s] Level 5:colcon.colcon_core.verb:set package 'arm_description' build argument 'cmake_clean_first' from command line to 'False'
[0.322s] Level 5:colcon.colcon_core.verb:set package 'arm_description' build argument 'cmake_force_configure' from command line to 'False'
[0.322s] Level 5:colcon.colcon_core.verb:set package 'arm_description' build argument 'ament_cmake_args' from command line to 'None'
[0.322s] Level 5:colcon.colcon_core.verb:set package 'arm_description' build argument 'catkin_cmake_args' from command line to 'None'
[0.322s] Level 5:colcon.colcon_core.verb:set package 'arm_description' build argument 'catkin_skip_building_tests' from command line to 'False'
[0.322s] DEBUG:colcon.colcon_core.verb:Building package 'arm_description' with the following arguments: {'ament_cmake_args': None, 'build_base': '/home/hacene/arm_workspace/build/arm_description', 'catkin_cmake_args': None, 'catkin_skip_building_tests': False, 'cmake_args': None, 'cmake_clean_cache': False, 'cmake_clean_first': False, 'cmake_force_configure': False, 'cmake_target': None, 'cmake_target_skip_unavailable': False, 'install_base': '/home/hacene/arm_workspace/install/arm_description', 'merge_install': False, 'path': '/home/hacene/arm_workspace/src/arm_description', 'symlink_install': True, 'test_result_base': None}
[0.322s] Level 5:colcon.colcon_core.verb:set package 'arm_moveit_config' build argument 'cmake_args' from command line to 'None'
[0.322s] Level 5:colcon.colcon_core.verb:set package 'arm_moveit_config' build argument 'cmake_target' from command line to 'None'
[0.323s] Level 5:colcon.colcon_core.verb:set package 'arm_moveit_config' build argument 'cmake_target_skip_unavailable' from command line to 'False'
[0.323s] Level 5:colcon.colcon_core.verb:set package 'arm_moveit_config' build argument 'cmake_clean_cache' from command line to 'False'
[0.323s] Level 5:colcon.colcon_core.verb:set package 'arm_moveit_config' build argument 'cmake_clean_first' from command line to 'False'
[0.323s] Level 5:colcon.colcon_core.verb:set package 'arm_moveit_config' build argument 'cmake_force_configure' from command line to 'False'
[0.323s] Level 5:colcon.colcon_core.verb:set package 'arm_moveit_config' build argument 'ament_cmake_args' from command line to 'None'
[0.323s] Level 5:colcon.colcon_core.verb:set package 'arm_moveit_config' build argument 'catkin_cmake_args' from command line to 'None'
[0.323s] Level 5:colcon.colcon_core.verb:set package 'arm_moveit_config' build argument 'catkin_skip_building_tests' from command line to 'False'
[0.323s] DEBUG:colcon.colcon_core.verb:Building package 'arm_moveit_config' with the following arguments: {'ament_cmake_args': None, 'build_base': '/home/hacene/arm_workspace/build/arm_moveit_config', 'catkin_cmake_args': None, 'catkin_skip_building_tests': False, 'cmake_args': None, 'cmake_clean_cache': False, 'cmake_clean_first': False, 'cmake_force_configure': False, 'cmake_target': None, 'cmake_target_skip_unavailable': False, 'install_base': '/home/hacene/arm_workspace/install/arm_moveit_config', 'merge_install': False, 'path': '/home/hacene/arm_workspace/src/arm_moveit_config', 'symlink_install': True, 'test_result_base': None}
[0.323s] INFO:colcon.colcon_core.executor:Executing jobs using 'parallel' executor
[0.324s] DEBUG:colcon.colcon_parallel_executor.executor.parallel:run_until_complete
[0.324s] INFO:colcon.colcon_ros.task.ament_python.build:Building ROS package in '/home/hacene/arm_workspace/src/arm_controller' with build type 'ament_python'
[0.324s] Level 1:colcon.colcon_core.shell:create_environment_hook('arm_controller', 'ament_prefix_path')
[0.327s] INFO:colcon.colcon_core.plugin_system:Skipping extension 'colcon_core.shell.bat': Not used on non-Windows systems
[0.327s] INFO:colcon.colcon_core.shell:Creating environment hook '/home/hacene/arm_workspace/install/arm_controller/share/arm_controller/hook/ament_prefix_path.ps1'
[0.328s] INFO:colcon.colcon_core.shell:Creating environment descriptor '/home/hacene/arm_workspace/install/arm_controller/share/arm_controller/hook/ament_prefix_path.dsv'
[0.328s] INFO:colcon.colcon_core.shell:Creating environment hook '/home/hacene/arm_workspace/install/arm_controller/share/arm_controller/hook/ament_prefix_path.sh'
[0.329s] INFO:colcon.colcon_core.shell:Skip shell extension 'powershell' for command environment: Not usable outside of PowerShell
[0.329s] DEBUG:colcon.colcon_core.shell:Skip shell extension 'dsv' for command environment
[0.333s] INFO:colcon.colcon_ros.task.ament_cmake.build:Building ROS package in '/home/hacene/arm_workspace/src/arm_description' with build type 'ament_cmake'
[0.333s] INFO:colcon.colcon_cmake.task.cmake.build:Building CMake package in '/home/hacene/arm_workspace/src/arm_description'
[0.334s] INFO:colcon.colcon_core.shell:Skip shell extension 'powershell' for command environment: Not usable outside of PowerShell
[0.334s] DEBUG:colcon.colcon_core.shell:Skip shell extension 'dsv' for command environment
[0.338s] INFO:colcon.colcon_ros.task.ament_cmake.build:Building ROS package in '/home/hacene/arm_workspace/src/arm_moveit_config' with build type 'ament_cmake'
[0.338s] INFO:colcon.colcon_cmake.task.cmake.build:Building CMake package in '/home/hacene/arm_workspace/src/arm_moveit_config'
[0.338s] INFO:colcon.colcon_core.shell:Skip shell extension 'powershell' for command environment: Not usable outside of PowerShell
[0.338s] DEBUG:colcon.colcon_core.shell:Skip shell extension 'dsv' for command environment
[0.678s] INFO:colcon.colcon_core.task.python.build:Building Python package in '/home/hacene/arm_workspace/src/arm_controller'
[0.678s] INFO:colcon.colcon_core.shell:Skip shell extension 'powershell' for command environment: Not usable outside of PowerShell
[0.679s] DEBUG:colcon.colcon_core.shell:Skip shell extension 'dsv' for command environment
[0.687s] DEBUG:colcon.colcon_core.event_handler.log_command:Invoking command in '/home/hacene/arm_workspace/build/arm_description': CMAKE_PREFIX_PATH=${CMAKE_PREFIX_PATH}:/opt/ros/jazzy DEBUGINFOD_URLS=https://debuginfod.ubuntu.com /usr/bin/cmake /home/hacene/arm_workspace/src/arm_description -DAMENT_CMAKE_SYMLINK_INSTALL=1 -DCMAKE_INSTALL_PREFIX=/home/hacene/arm_workspace/install/arm_description
[0.692s] DEBUG:colcon.colcon_core.event_handler.log_command:Invoking command in '/home/hacene/arm_workspace/build/arm_moveit_config': CMAKE_PREFIX_PATH=${CMAKE_PREFIX_PATH}:/opt/ros/jazzy DEBUGINFOD_URLS=https://debuginfod.ubuntu.com /usr/bin/cmake /home/hacene/arm_workspace/src/arm_moveit_config -DAMENT_CMAKE_SYMLINK_INSTALL=1 -DCMAKE_INSTALL_PREFIX=/home/hacene/arm_workspace/install/arm_moveit_config
[1.848s] DEBUG:colcon.colcon_core.event_handler.log_command:Invoking command in '/home/hacene/arm_workspace/build/arm_controller': DEBUGINFOD_URLS=https://debuginfod.ubuntu.com PYTHONPATH=/home/hacene/arm_workspace/build/arm_controller/prefix_override:/usr/lib/python3/dist-packages/colcon_core/task/python/colcon_distutils_commands:/home/hacene/arm_workspace/install/arm_controller/lib/python3.12/site-packages:${PYTHONPATH} /usr/bin/python3 -W ignore:setup.py install is deprecated -W ignore:easy_install command is deprecated setup.py develop --editable --build-directory /home/hacene/arm_workspace/build/arm_controller/build --no-deps symlink_data
[1.886s] DEBUG:colcon.colcon_core.event_handler.log_command:Invoked command in '/home/hacene/arm_workspace/build/arm_description' returned '0': CMAKE_PREFIX_PATH=${CMAKE_PREFIX_PATH}:/opt/ros/jazzy DEBUGINFOD_URLS=https://debuginfod.ubuntu.com /usr/bin/cmake /home/hacene/arm_workspace/src/arm_description -DAMENT_CMAKE_SYMLINK_INSTALL=1 -DCMAKE_INSTALL_PREFIX=/home/hacene/arm_workspace/install/arm_description
[1.889s] DEBUG:colcon.colcon_core.event_handler.log_command:Invoking command in '/home/hacene/arm_workspace/build/arm_description': CMAKE_PREFIX_PATH=${CMAKE_PREFIX_PATH}:/opt/ros/jazzy DEBUGINFOD_URLS=https://debuginfod.ubuntu.com /usr/bin/cmake --build /home/hacene/arm_workspace/build/arm_description -- -j8 -l8
[1.942s] DEBUG:colcon.colcon_core.event_handler.log_command:Invoked command in '/home/hacene/arm_workspace/build/arm_moveit_config' returned '0': CMAKE_PREFIX_PATH=${CMAKE_PREFIX_PATH}:/opt/ros/jazzy DEBUGINFOD_URLS=https://debuginfod.ubuntu.com /usr/bin/cmake /home/hacene/arm_workspace/src/arm_moveit_config -DAMENT_CMAKE_SYMLINK_INSTALL=1 -DCMAKE_INSTALL_PREFIX=/home/hacene/arm_workspace/install/arm_moveit_config
[1.944s] DEBUG:colcon.colcon_core.event_handler.log_command:Invoking command in '/home/hacene/arm_workspace/build/arm_moveit_config': CMAKE_PREFIX_PATH=${CMAKE_PREFIX_PATH}:/opt/ros/jazzy DEBUGINFOD_URLS=https://debuginfod.ubuntu.com /usr/bin/cmake --build /home/hacene/arm_workspace/build/arm_moveit_config -- -j8 -l8
[1.948s] DEBUG:colcon.colcon_core.event_handler.log_command:Invoked command in '/home/hacene/arm_workspace/build/arm_description' returned '0': CMAKE_PREFIX_PATH=${CMAKE_PREFIX_PATH}:/opt/ros/jazzy DEBUGINFOD_URLS=https://debuginfod.ubuntu.com /usr/bin/cmake --build /home/hacene/arm_workspace/build/arm_description -- -j8 -l8
[1.964s] DEBUG:colcon.colcon_core.event_handler.log_command:Invoking command in '/home/hacene/arm_workspace/build/arm_description': CMAKE_PREFIX_PATH=${CMAKE_PREFIX_PATH}:/opt/ros/jazzy DEBUGINFOD_URLS=https://debuginfod.ubuntu.com /usr/bin/cmake --install /home/hacene/arm_workspace/build/arm_description
[2.004s] DEBUG:colcon.colcon_core.event_handler.log_command:Invoked command in '/home/hacene/arm_workspace/build/arm_moveit_config' returned '0': CMAKE_PREFIX_PATH=${CMAKE_PREFIX_PATH}:/opt/ros/jazzy DEBUGINFOD_URLS=https://debuginfod.ubuntu.com /usr/bin/cmake --build /home/hacene/arm_workspace/build/arm_moveit_config -- -j8 -l8
[2.005s] DEBUG:colcon.colcon_core.event_handler.log_command:Invoking command in '/home/hacene/arm_workspace/build/arm_moveit_config': CMAKE_PREFIX_PATH=${CMAKE_PREFIX_PATH}:/opt/ros/jazzy DEBUGINFOD_URLS=https://debuginfod.ubuntu.com /usr/bin/cmake --install /home/hacene/arm_workspace/build/arm_moveit_config
[2.207s] Level 1:colcon.colcon_core.environment:create_environment_scripts_only(arm_description)
[2.208s] DEBUG:colcon.colcon_core.event_handler.log_command:Invoked command in '/home/hacene/arm_workspace/build/arm_description' returned '0': CMAKE_PREFIX_PATH=${CMAKE_PREFIX_PATH}:/opt/ros/jazzy DEBUGINFOD_URLS=https://debuginfod.ubuntu.com /usr/bin/cmake --install /home/hacene/arm_workspace/build/arm_description
[2.212s] Level 1:colcon.colcon_core.environment:checking '/home/hacene/arm_workspace/install/arm_description' for CMake module files
[2.213s] Level 1:colcon.colcon_core.environment:checking '/home/hacene/arm_workspace/install/arm_description' for CMake config files
[2.214s] Level 1:colcon.colcon_core.shell:create_environment_hook('arm_description', 'cmake_prefix_path')
[2.214s] INFO:colcon.colcon_core.shell:Creating environment hook '/home/hacene/arm_workspace/install/arm_description/share/arm_description/hook/cmake_prefix_path.ps1'
[2.215s] INFO:colcon.colcon_core.shell:Creating environment descriptor '/home/hacene/arm_workspace/install/arm_description/share/arm_description/hook/cmake_prefix_path.dsv'
[2.215s] INFO:colcon.colcon_core.shell:Creating environment hook '/home/hacene/arm_workspace/install/arm_description/share/arm_description/hook/cmake_prefix_path.sh'
[2.216s] Level 1:colcon.colcon_core.environment:checking '/home/hacene/arm_workspace/install/arm_description/bin'
[2.216s] Level 1:colcon.colcon_core.environment:checking '/home/hacene/arm_workspace/install/arm_description/lib/pkgconfig/arm_description.pc'
[2.217s] Level 1:colcon.colcon_core.environment:checking '/home/hacene/arm_workspace/install/arm_description/lib/python3.12/site-packages'
[2.217s] Level 1:colcon.colcon_core.environment:checking '/home/hacene/arm_workspace/install/arm_description/bin'
[2.218s] INFO:colcon.colcon_core.shell:Creating package script '/home/hacene/arm_workspace/install/arm_description/share/arm_description/package.ps1'
[2.219s] INFO:colcon.colcon_core.shell:Creating package descriptor '/home/hacene/arm_workspace/install/arm_description/share/arm_description/package.dsv'
[2.220s] INFO:colcon.colcon_core.shell:Creating package script '/home/hacene/arm_workspace/install/arm_description/share/arm_description/package.sh'
[2.221s] INFO:colcon.colcon_core.shell:Creating package script '/home/hacene/arm_workspace/install/arm_description/share/arm_description/package.bash'
[2.222s] INFO:colcon.colcon_core.shell:Creating package script '/home/hacene/arm_workspace/install/arm_description/share/arm_description/package.zsh'
[2.223s] Level 1:colcon.colcon_core.environment:create_file_with_runtime_dependencies(/home/hacene/arm_workspace/install/arm_description/share/colcon-core/packages/arm_description)
[2.224s] Level 1:colcon.colcon_core.environment:create_environment_scripts_only(arm_description)
[2.224s] Level 1:colcon.colcon_core.environment:checking '/home/hacene/arm_workspace/install/arm_description' for CMake module files
[2.226s] Level 1:colcon.colcon_core.environment:checking '/home/hacene/arm_workspace/install/arm_description' for CMake config files
[2.227s] Level 1:colcon.colcon_core.shell:create_environment_hook('arm_description', 'cmake_prefix_path')
[2.227s] INFO:colcon.colcon_core.shell:Creating environment hook '/home/hacene/arm_workspace/install/arm_description/share/arm_description/hook/cmake_prefix_path.ps1'
[2.228s] INFO:colcon.colcon_core.shell:Creating environment descriptor '/home/hacene/arm_workspace/install/arm_description/share/arm_description/hook/cmake_prefix_path.dsv'
[2.228s] INFO:colcon.colcon_core.shell:Creating environment hook '/home/hacene/arm_workspace/install/arm_description/share/arm_description/hook/cmake_prefix_path.sh'
[2.229s] Level 1:colcon.colcon_core.environment:checking '/home/hacene/arm_workspace/install/arm_description/bin'
[2.229s] Level 1:colcon.colcon_core.environment:checking '/home/hacene/arm_workspace/install/arm_description/lib/pkgconfig/arm_description.pc'
[2.230s] Level 1:colcon.colcon_core.environment:checking '/home/hacene/arm_workspace/install/arm_description/lib/python3.12/site-packages'
[2.230s] Level 1:colcon.colcon_core.environment:checking '/home/hacene/arm_workspace/install/arm_description/bin'
[2.231s] INFO:colcon.colcon_core.shell:Creating package script '/home/hacene/arm_workspace/install/arm_description/share/arm_description/package.ps1'
[2.232s] INFO:colcon.colcon_core.shell:Creating package descriptor '/home/hacene/arm_workspace/install/arm_description/share/arm_description/package.dsv'
[2.233s] INFO:colcon.colcon_core.shell:Creating package script '/home/hacene/arm_workspace/install/arm_description/share/arm_description/package.sh'
[2.233s] INFO:colcon.colcon_core.shell:Creating package script '/home/hacene/arm_workspace/install/arm_description/share/arm_description/package.bash'
[2.234s] INFO:colcon.colcon_core.shell:Creating package script '/home/hacene/arm_workspace/install/arm_description/share/arm_description/package.zsh'
[2.235s] Level 1:colcon.colcon_core.environment:create_file_with_runtime_dependencies(/home/hacene/arm_workspace/install/arm_description/share/colcon-core/packages/arm_description)
[2.241s] Level 1:colcon.colcon_core.environment:create_environment_scripts_only(arm_moveit_config)
[2.242s] Level 1:colcon.colcon_core.environment:checking '/home/hacene/arm_workspace/install/arm_moveit_config' for CMake module files
[2.242s] DEBUG:colcon.colcon_core.event_handler.log_command:Invoked command in '/home/hacene/arm_workspace/build/arm_moveit_config' returned '0': CMAKE_PREFIX_PATH=${CMAKE_PREFIX_PATH}:/opt/ros/jazzy DEBUGINFOD_URLS=https://debuginfod.ubuntu.com /usr/bin/cmake --install /home/hacene/arm_workspace/build/arm_moveit_config
[2.243s] Level 1:colcon.colcon_core.environment:checking '/home/hacene/arm_workspace/install/arm_moveit_config' for CMake config files
[2.244s] Level 1:colcon.colcon_core.shell:create_environment_hook('arm_moveit_config', 'cmake_prefix_path')
[2.244s] INFO:colcon.colcon_core.shell:Creating environment hook '/home/hacene/arm_workspace/install/arm_moveit_config/share/arm_moveit_config/hook/cmake_prefix_path.ps1'
[2.245s] INFO:colcon.colcon_core.shell:Creating environment descriptor '/home/hacene/arm_workspace/install/arm_moveit_config/share/arm_moveit_config/hook/cmake_prefix_path.dsv'
[2.245s] INFO:colcon.colcon_core.shell:Creating environment hook '/home/hacene/arm_workspace/install/arm_moveit_config/share/arm_moveit_config/hook/cmake_prefix_path.sh'
[2.246s] Level 1:colcon.colcon_core.environment:checking '/home/hacene/arm_workspace/install/arm_moveit_config/bin'
[2.246s] Level 1:colcon.colcon_core.environment:checking '/home/hacene/arm_workspace/install/arm_moveit_config/lib/pkgconfig/arm_moveit_config.pc'
[2.246s] Level 1:colcon.colcon_core.environment:checking '/home/hacene/arm_workspace/install/arm_moveit_config/lib/python3.12/site-packages'
[2.247s] Level 1:colcon.colcon_core.environment:checking '/home/hacene/arm_workspace/install/arm_moveit_config/bin'
[2.247s] INFO:colcon.colcon_core.shell:Creating package script '/home/hacene/arm_workspace/install/arm_moveit_config/share/arm_moveit_config/package.ps1'
[2.248s] INFO:colcon.colcon_core.shell:Creating package descriptor '/home/hacene/arm_workspace/install/arm_moveit_config/share/arm_moveit_config/package.dsv'
[2.249s] INFO:colcon.colcon_core.shell:Creating package script '/home/hacene/arm_workspace/install/arm_moveit_config/share/arm_moveit_config/package.sh'
[2.249s] INFO:colcon.colcon_core.shell:Creating package script '/home/hacene/arm_workspace/install/arm_moveit_config/share/arm_moveit_config/package.bash'
[2.250s] INFO:colcon.colcon_core.shell:Creating package script '/home/hacene/arm_workspace/install/arm_moveit_config/share/arm_moveit_config/package.zsh'
[2.250s] Level 1:colcon.colcon_core.environment:create_file_with_runtime_dependencies(/home/hacene/arm_workspace/install/arm_moveit_config/share/colcon-core/packages/arm_moveit_config)
[2.251s] Level 1:colcon.colcon_core.environment:create_environment_scripts_only(arm_moveit_config)
[2.251s] Level 1:colcon.colcon_core.environment:checking '/home/hacene/arm_workspace/install/arm_moveit_config' for CMake module files
[2.252s] Level 1:colcon.colcon_core.environment:checking '/home/hacene/arm_workspace/install/arm_moveit_config' for CMake config files
[2.253s] Level 1:colcon.colcon_core.shell:create_environment_hook('arm_moveit_config', 'cmake_prefix_path')
[2.253s] INFO:colcon.colcon_core.shell:Creating environment hook '/home/hacene/arm_workspace/install/arm_moveit_config/share/arm_moveit_config/hook/cmake_prefix_path.ps1'
[2.254s] INFO:colcon.colcon_core.shell:Creating environment descriptor '/home/hacene/arm_workspace/install/arm_moveit_config/share/arm_moveit_config/hook/cmake_prefix_path.dsv'
[2.254s] INFO:colcon.colcon_core.shell:Creating environment hook '/home/hacene/arm_workspace/install/arm_moveit_config/share/arm_moveit_config/hook/cmake_prefix_path.sh'
[2.255s] Level 1:colcon.colcon_core.environment:checking '/home/hacene/arm_workspace/install/arm_moveit_config/bin'
[2.255s] Level 1:colcon.colcon_core.environment:checking '/home/hacene/arm_workspace/install/arm_moveit_config/lib/pkgconfig/arm_moveit_config.pc'
[2.256s] Level 1:colcon.colcon_core.environment:checking '/home/hacene/arm_workspace/install/arm_moveit_config/lib/python3.12/site-packages'
[2.256s] Level 1:colcon.colcon_core.environment:checking '/home/hacene/arm_workspace/install/arm_moveit_config/bin'
[2.257s] INFO:colcon.colcon_core.shell:Creating package script '/home/hacene/arm_workspace/install/arm_moveit_config/share/arm_moveit_config/package.ps1'
[2.258s] INFO:colcon.colcon_core.shell:Creating package descriptor '/home/hacene/arm_workspace/install/arm_moveit_config/share/arm_moveit_config/package.dsv'
[2.259s] INFO:colcon.colcon_core.shell:Creating package script '/home/hacene/arm_workspace/install/arm_moveit_config/share/arm_moveit_config/package.sh'
[2.259s] INFO:colcon.colcon_core.shell:Creating package script '/home/hacene/arm_workspace/install/arm_moveit_config/share/arm_moveit_config/package.bash'
[2.260s] INFO:colcon.colcon_core.shell:Creating package script '/home/hacene/arm_workspace/install/arm_moveit_config/share/arm_moveit_config/package.zsh'
[2.261s] Level 1:colcon.colcon_core.environment:create_file_with_runtime_dependencies(/home/hacene/arm_workspace/install/arm_moveit_config/share/colcon-core/packages/arm_moveit_config)
[3.003s] Level 1:colcon.colcon_core.shell:create_environment_hook('arm_controller', 'pythonpath_develop')
[3.003s] INFO:colcon.colcon_core.shell:Creating environment hook '/home/hacene/arm_workspace/build/arm_controller/share/arm_controller/hook/pythonpath_develop.ps1'
[3.004s] DEBUG:colcon.colcon_core.event_handler.log_command:Invoked command in '/home/hacene/arm_workspace/build/arm_controller' returned '0': DEBUGINFOD_URLS=https://debuginfod.ubuntu.com PYTHONPATH=/home/hacene/arm_workspace/build/arm_controller/prefix_override:/usr/lib/python3/dist-packages/colcon_core/task/python/colcon_distutils_commands:/home/hacene/arm_workspace/install/arm_controller/lib/python3.12/site-packages:${PYTHONPATH} /usr/bin/python3 -W ignore:setup.py install is deprecated -W ignore:easy_install command is deprecated setup.py develop --editable --build-directory /home/hacene/arm_workspace/build/arm_controller/build --no-deps symlink_data
[3.004s] INFO:colcon.colcon_core.shell:Creating environment descriptor '/home/hacene/arm_workspace/build/arm_controller/share/arm_controller/hook/pythonpath_develop.dsv'
[3.005s] INFO:colcon.colcon_core.shell:Creating environment hook '/home/hacene/arm_workspace/build/arm_controller/share/arm_controller/hook/pythonpath_develop.sh'
[3.006s] Level 1:colcon.colcon_core.environment:checking '/home/hacene/arm_workspace/install/arm_controller' for CMake module files
[3.007s] Level 1:colcon.colcon_core.environment:checking '/home/hacene/arm_workspace/install/arm_controller' for CMake config files
[3.007s] Level 1:colcon.colcon_core.environment:checking '/home/hacene/arm_workspace/install/arm_controller/lib'
[3.008s] Level 1:colcon.colcon_core.environment:checking '/home/hacene/arm_workspace/install/arm_controller/bin'
[3.008s] Level 1:colcon.colcon_core.environment:checking '/home/hacene/arm_workspace/install/arm_controller/lib/pkgconfig/arm_controller.pc'
[3.008s] Level 1:colcon.colcon_core.environment:checking '/home/hacene/arm_workspace/install/arm_controller/lib/python3.12/site-packages'
[3.008s] Level 1:colcon.colcon_core.shell:create_environment_hook('arm_controller', 'pythonpath')
[3.008s] INFO:colcon.colcon_core.shell:Creating environment hook '/home/hacene/arm_workspace/install/arm_controller/share/arm_controller/hook/pythonpath.ps1'
[3.009s] INFO:colcon.colcon_core.shell:Creating environment descriptor '/home/hacene/arm_workspace/install/arm_controller/share/arm_controller/hook/pythonpath.dsv'
[3.010s] INFO:colcon.colcon_core.shell:Creating environment hook '/home/hacene/arm_workspace/install/arm_controller/share/arm_controller/hook/pythonpath.sh'
[3.011s] Level 1:colcon.colcon_core.environment:checking '/home/hacene/arm_workspace/install/arm_controller/bin'
[3.011s] Level 1:colcon.colcon_core.environment:create_environment_scripts_only(arm_controller)
[3.011s] INFO:colcon.colcon_core.shell:Creating package script '/home/hacene/arm_workspace/install/arm_controller/share/arm_controller/package.ps1'
[3.012s] INFO:colcon.colcon_core.shell:Creating package descriptor '/home/hacene/arm_workspace/install/arm_controller/share/arm_controller/package.dsv'
[3.013s] INFO:colcon.colcon_core.shell:Creating package script '/home/hacene/arm_workspace/install/arm_controller/share/arm_controller/package.sh'
[3.014s] INFO:colcon.colcon_core.shell:Creating package script '/home/hacene/arm_workspace/install/arm_controller/share/arm_controller/package.bash'
[3.014s] INFO:colcon.colcon_core.shell:Creating package script '/home/hacene/arm_workspace/install/arm_controller/share/arm_controller/package.zsh'
[3.015s] Level 1:colcon.colcon_core.environment:create_file_with_runtime_dependencies(/home/hacene/arm_workspace/install/arm_controller/share/colcon-core/packages/arm_controller)
[3.015s] DEBUG:colcon.colcon_parallel_executor.executor.parallel:closing loop
[3.015s] DEBUG:colcon.colcon_parallel_executor.executor.parallel:loop closed
[3.015s] DEBUG:colcon.colcon_parallel_executor.executor.parallel:run_until_complete finished with '0'
[3.015s] DEBUG:colcon.colcon_core.event_reactor:joining thread
[3.028s] INFO:colcon.colcon_core.plugin_system:Skipping extension 'colcon_notification.desktop_notification.terminal_notifier': Not used on non-Darwin systems
[3.028s] INFO:colcon.colcon_core.plugin_system:Skipping extension 'colcon_notification.desktop_notification.win32': Not used on non-Windows systems
[3.028s] INFO:colcon.colcon_notification.desktop_notification:Sending desktop notification using 'notify2'
[3.048s] DEBUG:colcon.colcon_core.event_reactor:joined thread
[3.048s] INFO:colcon.colcon_core.shell:Creating prefix script '/home/hacene/arm_workspace/install/local_setup.ps1'
[3.050s] INFO:colcon.colcon_core.shell:Creating prefix util module '/home/hacene/arm_workspace/install/_local_setup_util_ps1.py'
[3.052s] INFO:colcon.colcon_core.shell:Creating prefix chain script '/home/hacene/arm_workspace/install/setup.ps1'
[3.053s] INFO:colcon.colcon_core.shell:Creating prefix script '/home/hacene/arm_workspace/install/local_setup.sh'
[3.054s] INFO:colcon.colcon_core.shell:Creating prefix util module '/home/hacene/arm_workspace/install/_local_setup_util_sh.py'
[3.055s] INFO:colcon.colcon_core.shell:Creating prefix chain script '/home/hacene/arm_workspace/install/setup.sh'
[3.056s] INFO:colcon.colcon_core.shell:Creating prefix script '/home/hacene/arm_workspace/install/local_setup.bash'
[3.057s] INFO:colcon.colcon_core.shell:Creating prefix chain script '/home/hacene/arm_workspace/install/setup.bash'
[3.059s] INFO:colcon.colcon_core.shell:Creating prefix script '/home/hacene/arm_workspace/install/local_setup.zsh'
[3.059s] INFO:colcon.colcon_core.shell:Creating prefix chain script '/home/hacene/arm_workspace/install/setup.zsh'
